TN:
SF:server.js
FN:14,(anonymous_0)
FN:24,(anonymous_1)
FNF:2
FNH:0
FNDA:0,(anonymous_0)
FNDA:0,(anonymous_1)
DA:2,1
DA:3,1
DA:4,1
DA:6,1
DA:7,1
DA:10,1
DA:11,1
DA:14,1
DA:15,0
DA:20,1
DA:23,1
DA:24,0
DA:25,0
DA:29,1
LF:14
LH:11
BRDA:23,0,0,0
BRDA:23,0,1,1
BRF:2
BRH:1
end_of_record
TN:
SF:controllers\truckController.js
FN:6,(anonymous_0)
FN:14,(anonymous_1)
FN:48,(anonymous_2)
FN:63,(anonymous_3)
FN:85,(anonymous_4)
FN:108,(anonymous_5)
FN:126,(anonymous_6)
FNF:7
FNH:7
FNDA:3,(anonymous_0)
FNDA:1,(anonymous_1)
FNDA:3,(anonymous_2)
FNDA:2,(anonymous_3)
FNDA:2,(anonymous_4)
FNDA:1,(anonymous_5)
FNDA:1,(anonymous_6)
DA:3,1
DA:6,1
DA:7,3
DA:8,3
DA:9,3
DA:10,3
DA:14,1
DA:15,1
DA:16,1
DA:17,1
DA:18,1
DA:20,1
DA:23,1
DA:24,1
DA:25,1
DA:29,1
DA:35,1
DA:43,0
DA:48,1
DA:49,3
DA:50,3
DA:51,3
DA:53,3
DA:54,2
DA:56,1
DA:58,0
DA:63,1
DA:64,2
DA:65,2
DA:66,2
DA:67,1
DA:71,1
DA:78,1
DA:80,0
DA:85,1
DA:86,2
DA:87,2
DA:88,2
DA:90,2
DA:91,1
DA:94,1
DA:95,1
DA:96,0
DA:100,1
DA:101,1
DA:103,0
DA:108,1
DA:109,1
DA:110,1
DA:111,1
DA:113,1
DA:114,0
DA:118,1
DA:119,1
DA:121,0
DA:126,1
DA:127,1
DA:129,1
DA:130,1
DA:138,1
DA:140,0
DA:144,1
LF:62
LH:54
BRDA:8,0,0,1
BRDA:8,0,1,2
BRDA:8,1,0,3
BRDA:8,1,1,2
BRDA:9,2,0,0
BRDA:9,2,1,3
BRDA:16,3,0,1
BRDA:16,3,1,0
BRDA:17,4,0,1
BRDA:17,4,1,0
BRDA:24,5,0,1
BRDA:24,5,1,0
BRDA:53,6,0,2
BRDA:53,6,1,1
BRDA:66,7,0,1
BRDA:66,7,1,1
BRDA:74,8,0,1
BRDA:74,8,1,0
BRDA:90,9,0,1
BRDA:90,9,1,1
BRDA:95,10,0,0
BRDA:95,10,1,1
BRDA:113,11,0,0
BRDA:113,11,1,1
BRF:24
BRH:17
end_of_record
TN:
SF:models\company.js
FN:5,(anonymous_0)
FN:12,(anonymous_1)
FNF:2
FNH:2
FNDA:1,(anonymous_0)
FNDA:1,(anonymous_1)
DA:4,1
DA:5,1
DA:16,1
DA:23,1
LF:4
LH:4
BRF:0
BRH:0
end_of_record
TN:
SF:models\index.js
FN:21,(anonymous_0)
FN:29,(anonymous_1)
FN:34,(anonymous_2)
FNF:3
FNH:3
FNDA:3,(anonymous_0)
FNDA:2,(anonymous_1)
FNDA:2,(anonymous_2)
DA:3,1
DA:4,1
DA:5,1
DA:6,1
DA:7,1
DA:8,1
DA:9,1
DA:10,1
DA:13,1
DA:14,0
DA:16,1
DA:19,1
DA:22,3
DA:30,2
DA:31,2
DA:34,1
DA:35,2
DA:36,2
DA:40,1
DA:41,1
DA:43,1
LF:21
LH:20
BRDA:8,0,0,1
BRDA:8,0,1,0
BRDA:13,1,0,0
BRDA:13,1,1,1
BRDA:23,2,0,3
BRDA:23,2,1,3
BRDA:23,2,2,2
BRDA:23,2,3,2
BRDA:35,3,0,2
BRDA:35,3,1,0
BRF:10
BRH:7
end_of_record
TN:
SF:models\truck.js
FN:5,(anonymous_0)
FN:12,(anonymous_1)
FNF:2
FNH:2
FNDA:1,(anonymous_0)
FNDA:1,(anonymous_1)
DA:4,1
DA:5,1
DA:16,1
DA:25,1
LF:4
LH:4
BRF:0
BRH:0
end_of_record
TN:
SF:routes\truckRoutes.js
FNF:0
FNH:0
DA:2,1
DA:3,1
DA:4,1
DA:7,1
DA:9,1
DA:10,1
DA:11,1
DA:12,1
DA:13,1
DA:15,1
LF:10
LH:10
BRF:0
BRH:0
end_of_record
